::1 - - [28/Jan/2020:21:34:10 +0000] "GET / HTTP/1.1" 200 1644 "-" "Mozilla/5.0 (X11; Linux x86_64) AppleWebKit/537.36 (KHTML, like Gecko) Chrome/79.0.3945.130 Safari/537.36"
::1 - - [28/Jan/2020:21:34:10 +0000] "GET /favicon.ico HTTP/1.1" 404 150 "http://localhost:8080/" "Mozilla/5.0 (X11; Linux x86_64) AppleWebKit/537.36 (KHTML, like Gecko) Chrome/79.0.3945.130 Safari/537.36"
::1 - - [28/Jan/2020:21:48:24 +0000] "GET / HTTP/1.1" 304 - "-" "Mozilla/5.0 (X11; Linux x86_64) AppleWebKit/537.36 (KHTML, like Gecko) Chrome/79.0.3945.130 Safari/537.36"
::1 - - [29/Jan/2020:13:58:11 +0000] "GET / HTTP/1.1" 304 - "-" "Mozilla/5.0 (X11; Linux x86_64) AppleWebKit/537.36 (KHTML, like Gecko) Chrome/79.0.3945.130 Safari/537.36"
::1 - - [29/Jan/2020:13:58:16 +0000] "GET /add HTTP/1.1" 404 142 "-" "Mozilla/5.0 (X11; Linux x86_64) AppleWebKit/537.36 (KHTML, like Gecko) Chrome/79.0.3945.130 Safari/537.36"
::1 - - [29/Jan/2020:13:59:51 +0000] "GET /add HTTP/1.1" 404 142 "-" "Mozilla/5.0 (X11; Linux x86_64) AppleWebKit/537.36 (KHTML, like Gecko) Chrome/79.0.3945.130 Safari/537.36"
::1 - - [29/Jan/2020:13:59:52 +0000] "GET /add HTTP/1.1" 404 142 "-" "Mozilla/5.0 (X11; Linux x86_64) AppleWebKit/537.36 (KHTML, like Gecko) Chrome/79.0.3945.130 Safari/537.36"
::1 - - [29/Jan/2020:14:02:57 +0000] "GET /wiki/add HTTP/1.1" - - "-" "Mozilla/5.0 (X11; Linux x86_64) AppleWebKit/537.36 (KHTML, like Gecko) Chrome/79.0.3945.130 Safari/537.36"
::1 - - [29/Jan/2020:14:02:57 +0000] "GET / HTTP/1.1" 304 - "-" "Mozilla/5.0 (X11; Linux x86_64) AppleWebKit/537.36 (KHTML, like Gecko) Chrome/79.0.3945.130 Safari/537.36"
::1 - - [29/Jan/2020:14:03:03 +0000] "GET /wiki/ HTTP/1.1" 404 144 "http://localhost:8080/" "Mozilla/5.0 (X11; Linux x86_64) AppleWebKit/537.36 (KHTML, like Gecko) Chrome/79.0.3945.130 Safari/537.36"
::1 - - [29/Jan/2020:14:04:16 +0000] "GET /wiki/add HTTP/1.1" - - "-" "Mozilla/5.0 (X11; Linux x86_64) AppleWebKit/537.36 (KHTML, like Gecko) Chrome/79.0.3945.130 Safari/537.36"
::1 - - [29/Jan/2020:14:04:17 +0000] "GET / HTTP/1.1" 304 - "-" "Mozilla/5.0 (X11; Linux x86_64) AppleWebKit/537.36 (KHTML, like Gecko) Chrome/79.0.3945.130 Safari/537.36"
::1 - - [29/Jan/2020:14:04:19 +0000] "GET / HTTP/1.1" 304 - "-" "Mozilla/5.0 (X11; Linux x86_64) AppleWebKit/537.36 (KHTML, like Gecko) Chrome/79.0.3945.130 Safari/537.36"
::1 - - [29/Jan/2020:14:04:21 +0000] "GET / HTTP/1.1" 304 - "-" "Mozilla/5.0 (X11; Linux x86_64) AppleWebKit/537.36 (KHTML, like Gecko) Chrome/79.0.3945.130 Safari/537.36"
::1 - - [29/Jan/2020:14:04:52 +0000] "GET /wiki/add HTTP/1.1" - - "-" "Mozilla/5.0 (X11; Linux x86_64) AppleWebKit/537.36 (KHTML, like Gecko) Chrome/79.0.3945.130 Safari/537.36"
::1 - - [29/Jan/2020:14:06:11 +0000] "GET /wiki/add HTTP/1.1" - - "-" "Mozilla/5.0 (X11; Linux x86_64) AppleWebKit/537.36 (KHTML, like Gecko) Chrome/79.0.3945.130 Safari/537.36"
::1 - - [29/Jan/2020:14:06:29 +0000] "GET /wiki/add HTTP/1.1" - - "-" "Mozilla/5.0 (X11; Linux x86_64) AppleWebKit/537.36 (KHTML, like Gecko) Chrome/79.0.3945.130 Safari/537.36"
::1 - - [29/Jan/2020:14:12:22 +0000] "GET / HTTP/1.1" 304 - "-" "Mozilla/5.0 (X11; Linux x86_64) AppleWebKit/537.36 (KHTML, like Gecko) Chrome/79.0.3945.130 Safari/537.36"
::1 - - [29/Jan/2020:14:14:32 +0000] "GET / HTTP/1.1" 304 - "-" "Mozilla/5.0 (X11; Linux x86_64) AppleWebKit/537.36 (KHTML, like Gecko) Chrome/79.0.3945.130 Safari/537.36"
::1 - - [29/Jan/2020:14:25:15 +0000] "GET /wiki/add HTTP/1.1" - - "-" "Mozilla/5.0 (X11; Linux x86_64) AppleWebKit/537.36 (KHTML, like Gecko) Chrome/79.0.3945.130 Safari/537.36"
::1 - - [29/Jan/2020:14:26:40 +0000] "GET /wiki/add HTTP/1.1" 200 2208 "-" "Mozilla/5.0 (X11; Linux x86_64) AppleWebKit/537.36 (KHTML, like Gecko) Chrome/79.0.3945.130 Safari/537.36"
::1 - - [29/Jan/2020:14:28:30 +0000] "GET /wiki/add HTTP/1.1" 304 - "-" "Mozilla/5.0 (X11; Linux x86_64) AppleWebKit/537.36 (KHTML, like Gecko) Chrome/79.0.3945.130 Safari/537.36"
::1 - - [29/Jan/2020:14:29:04 +0000] "GET /wiki/add HTTP/1.1" 304 - "-" "Mozilla/5.0 (X11; Linux x86_64) AppleWebKit/537.36 (KHTML, like Gecko) Chrome/79.0.3945.130 Safari/537.36"
::1 - - [29/Jan/2020:14:29:16 +0000] "GET / HTTP/1.1" 404 139 "-" "Mozilla/5.0 (X11; Linux x86_64) AppleWebKit/537.36 (KHTML, like Gecko) Chrome/79.0.3945.130 Safari/537.36"
::1 - - [29/Jan/2020:14:29:30 +0000] "GET /wiki/add HTTP/1.1" 304 - "-" "Mozilla/5.0 (X11; Linux x86_64) AppleWebKit/537.36 (KHTML, like Gecko) Chrome/79.0.3945.130 Safari/537.36"
::1 - - [29/Jan/2020:14:29:34 +0000] "GET /wiki HTTP/1.1" 200 1644 "-" "Mozilla/5.0 (X11; Linux x86_64) AppleWebKit/537.36 (KHTML, like Gecko) Chrome/79.0.3945.130 Safari/537.36"
::1 - - [29/Jan/2020:14:51:05 +0000] "GET /wiki HTTP/1.1" 200 25 "-" "Mozilla/5.0 (X11; Linux x86_64) AppleWebKit/537.36 (KHTML, like Gecko) Chrome/79.0.3945.130 Safari/537.36"
::1 - - [29/Jan/2020:14:51:12 +0000] "GET /wiki/add HTTP/1.1" 200 28 "-" "Mozilla/5.0 (X11; Linux x86_64) AppleWebKit/537.36 (KHTML, like Gecko) Chrome/79.0.3945.130 Safari/537.36"
::1 - - [29/Jan/2020:14:51:22 +0000] "GET /wiki/ HTTP/1.1" 200 25 "-" "Mozilla/5.0 (X11; Linux x86_64) AppleWebKit/537.36 (KHTML, like Gecko) Chrome/79.0.3945.130 Safari/537.36"
::1 - - [29/Jan/2020:14:53:10 +0000] "GET /wiki/add HTTP/1.1" 200 2208 "-" "Mozilla/5.0 (X11; Linux x86_64) AppleWebKit/537.36 (KHTML, like Gecko) Chrome/79.0.3945.130 Safari/537.36"
::1 - - [29/Jan/2020:14:55:53 +0000] "GET / HTTP/1.1" 404 139 "-" "Mozilla/5.0 (X11; Linux x86_64) AppleWebKit/537.36 (KHTML, like Gecko) Chrome/79.0.3945.130 Safari/537.36"
::1 - - [29/Jan/2020:14:55:59 +0000] "GET / HTTP/1.1" 404 139 "-" "Mozilla/5.0 (X11; Linux x86_64) AppleWebKit/537.36 (KHTML, like Gecko) Chrome/79.0.3945.130 Safari/537.36"
::1 - - [29/Jan/2020:14:56:15 +0000] "GET /wiki HTTP/1.1" 302 46 "-" "Mozilla/5.0 (X11; Linux x86_64) AppleWebKit/537.36 (KHTML, like Gecko) Chrome/79.0.3945.130 Safari/537.36"
::1 - - [29/Jan/2020:14:56:15 +0000] "GET / HTTP/1.1" 404 139 "-" "Mozilla/5.0 (X11; Linux x86_64) AppleWebKit/537.36 (KHTML, like Gecko) Chrome/79.0.3945.130 Safari/537.36"
::1 - - [29/Jan/2020:15:01:19 +0000] "GET /wiki HTTP/1.1" 302 46 "-" "Mozilla/5.0 (X11; Linux x86_64) AppleWebKit/537.36 (KHTML, like Gecko) Chrome/79.0.3945.130 Safari/537.36"
::1 - - [29/Jan/2020:15:01:19 +0000] "GET / HTTP/1.1" 200 1644 "-" "Mozilla/5.0 (X11; Linux x86_64) AppleWebKit/537.36 (KHTML, like Gecko) Chrome/79.0.3945.130 Safari/537.36"
::1 - - [29/Jan/2020:15:07:28 +0000] "GET /wiki/add HTTP/1.1" 304 - "-" "Mozilla/5.0 (X11; Linux x86_64) AppleWebKit/537.36 (KHTML, like Gecko) Chrome/79.0.3945.130 Safari/537.36"
::1 - - [29/Jan/2020:15:07:32 +0000] "POST /wiki/ HTTP/1.1" 200 26 "http://localhost:8080/wiki/add" "Mozilla/5.0 (X11; Linux x86_64) AppleWebKit/537.36 (KHTML, like Gecko) Chrome/79.0.3945.130 Safari/537.36"
::1 - - [29/Jan/2020:15:24:17 +0000] "GET /wiki/add HTTP/1.1" 200 2981 "-" "Mozilla/5.0 (X11; Linux x86_64) AppleWebKit/537.36 (KHTML, like Gecko) Chrome/79.0.3945.130 Safari/537.36"
::1 - - [29/Jan/2020:15:40:01 +0000] "GET /wiki/add HTTP/1.1" 304 - "-" "Mozilla/5.0 (X11; Linux x86_64) AppleWebKit/537.36 (KHTML, like Gecko) Chrome/79.0.3945.130 Safari/537.36"
::1 - - [29/Jan/2020:15:40:20 +0000] "GET /wiki/add HTTP/1.1" 304 - "-" "Mozilla/5.0 (X11; Linux x86_64) AppleWebKit/537.36 (KHTML, like Gecko) Chrome/79.0.3945.130 Safari/537.36"
::1 - - [29/Jan/2020:15:41:16 +0000] "GET /wiki/add HTTP/1.1" 200 2984 "-" "Mozilla/5.0 (X11; Linux x86_64) AppleWebKit/537.36 (KHTML, like Gecko) Chrome/79.0.3945.130 Safari/537.36"
::1 - - [29/Jan/2020:15:41:44 +0000] "GET /wiki/add HTTP/1.1" 200 2982 "-" "Mozilla/5.0 (X11; Linux x86_64) AppleWebKit/537.36 (KHTML, like Gecko) Chrome/79.0.3945.130 Safari/537.36"
::1 - - [29/Jan/2020:15:42:00 +0000] "GET /wiki/add HTTP/1.1" 200 2985 "-" "Mozilla/5.0 (X11; Linux x86_64) AppleWebKit/537.36 (KHTML, like Gecko) Chrome/79.0.3945.130 Safari/537.36"
::1 - - [29/Jan/2020:15:43:07 +0000] "GET /wiki/add HTTP/1.1" 200 2986 "-" "Mozilla/5.0 (X11; Linux x86_64) AppleWebKit/537.36 (KHTML, like Gecko) Chrome/79.0.3945.130 Safari/537.36"
::1 - - [29/Jan/2020:15:43:52 +0000] "GET /wiki/add HTTP/1.1" 200 2995 "-" "Mozilla/5.0 (X11; Linux x86_64) AppleWebKit/537.36 (KHTML, like Gecko) Chrome/79.0.3945.130 Safari/537.36"
::1 - - [29/Jan/2020:15:44:02 +0000] "GET /wiki/add HTTP/1.1" 200 2994 "-" "Mozilla/5.0 (X11; Linux x86_64) AppleWebKit/537.36 (KHTML, like Gecko) Chrome/79.0.3945.130 Safari/537.36"
::1 - - [29/Jan/2020:15:44:43 +0000] "GET /wiki/add HTTP/1.1" 200 2996 "-" "Mozilla/5.0 (X11; Linux x86_64) AppleWebKit/537.36 (KHTML, like Gecko) Chrome/79.0.3945.130 Safari/537.36"
::1 - - [29/Jan/2020:15:45:25 +0000] "GET /wiki/add HTTP/1.1" 304 - "-" "Mozilla/5.0 (X11; Linux x86_64) AppleWebKit/537.36 (KHTML, like Gecko) Chrome/79.0.3945.130 Safari/537.36"
::1 - - [29/Jan/2020:15:46:55 +0000] "GET /wiki/add HTTP/1.1" 304 - "-" "Mozilla/5.0 (X11; Linux x86_64) AppleWebKit/537.36 (KHTML, like Gecko) Chrome/79.0.3945.130 Safari/537.36"
::1 - - [29/Jan/2020:15:48:11 +0000] "GET /wiki/add HTTP/1.1" 304 - "-" "Mozilla/5.0 (X11; Linux x86_64) AppleWebKit/537.36 (KHTML, like Gecko) Chrome/79.0.3945.130 Safari/537.36"
::1 - - [29/Jan/2020:15:48:46 +0000] "GET /wiki/add HTTP/1.1" 304 - "-" "Mozilla/5.0 (X11; Linux x86_64) AppleWebKit/537.36 (KHTML, like Gecko) Chrome/79.0.3945.130 Safari/537.36"
::1 - - [29/Jan/2020:15:48:53 +0000] "POST /wiki/ HTTP/1.1" 302 46 "http://localhost:8080/wiki/add" "Mozilla/5.0 (X11; Linux x86_64) AppleWebKit/537.36 (KHTML, like Gecko) Chrome/79.0.3945.130 Safari/537.36"
::1 - - [29/Jan/2020:15:48:53 +0000] "GET / HTTP/1.1" 304 - "http://localhost:8080/wiki/add" "Mozilla/5.0 (X11; Linux x86_64) AppleWebKit/537.36 (KHTML, like Gecko) Chrome/79.0.3945.130 Safari/537.36"
::1 - - [29/Jan/2020:17:06:20 +0000] "GET / HTTP/1.1" 304 - "http://localhost:8080/wiki/add" "Mozilla/5.0 (X11; Linux x86_64) AppleWebKit/537.36 (KHTML, like Gecko) Chrome/79.0.3945.130 Safari/537.36"
::1 - - [29/Jan/2020:17:06:25 +0000] "GET /wiki/add HTTP/1.1" 304 - "-" "Mozilla/5.0 (X11; Linux x86_64) AppleWebKit/537.36 (KHTML, like Gecko) Chrome/79.0.3945.130 Safari/537.36"
::1 - - [29/Jan/2020:17:06:32 +0000] "GET /wiki/ HTTP/1.1" 302 46 "-" "Mozilla/5.0 (X11; Linux x86_64) AppleWebKit/537.36 (KHTML, like Gecko) Chrome/79.0.3945.130 Safari/537.36"
::1 - - [29/Jan/2020:17:06:32 +0000] "GET / HTTP/1.1" 304 - "-" "Mozilla/5.0 (X11; Linux x86_64) AppleWebKit/537.36 (KHTML, like Gecko) Chrome/79.0.3945.130 Safari/537.36"
::1 - - [29/Jan/2020:17:24:32 +0000] "GET /wiki/add HTTP/1.1" 304 - "-" "Mozilla/5.0 (X11; Linux x86_64) AppleWebKit/537.36 (KHTML, like Gecko) Chrome/79.0.3945.130 Safari/537.36"
::1 - - [29/Jan/2020:17:26:49 +0000] "POST /wiki/ HTTP/1.1" - - "http://localhost:8080/wiki/add" "Mozilla/5.0 (X11; Linux x86_64) AppleWebKit/537.36 (KHTML, like Gecko) Chrome/79.0.3945.130 Safari/537.36"
::1 - - [29/Jan/2020:17:28:53 +0000] "GET /wiki/add HTTP/1.1" 304 - "-" "Mozilla/5.0 (X11; Linux x86_64) AppleWebKit/537.36 (KHTML, like Gecko) Chrome/79.0.3945.130 Safari/537.36"
::1 - - [29/Jan/2020:17:29:36 +0000] "GET /wiki/add HTTP/1.1" 304 - "-" "Mozilla/5.0 (X11; Linux x86_64) AppleWebKit/537.36 (KHTML, like Gecko) Chrome/79.0.3945.130 Safari/537.36"
::1 - - [29/Jan/2020:17:29:48 +0000] "POST /wiki/ HTTP/1.1" - - "http://localhost:8080/wiki/add" "Mozilla/5.0 (X11; Linux x86_64) AppleWebKit/537.36 (KHTML, like Gecko) Chrome/79.0.3945.130 Safari/537.36"
::1 - - [29/Jan/2020:17:30:19 +0000] "GET /wiki/add HTTP/1.1" 304 - "-" "Mozilla/5.0 (X11; Linux x86_64) AppleWebKit/537.36 (KHTML, like Gecko) Chrome/79.0.3945.130 Safari/537.36"
::1 - - [29/Jan/2020:17:33:20 +0000] "GET /wiki/add HTTP/1.1" 304 - "-" "Mozilla/5.0 (X11; Linux x86_64) AppleWebKit/537.36 (KHTML, like Gecko) Chrome/79.0.3945.130 Safari/537.36"
::1 - - [29/Jan/2020:17:34:32 +0000] "GET /wiki/add HTTP/1.1" 304 - "-" "Mozilla/5.0 (X11; Linux x86_64) AppleWebKit/537.36 (KHTML, like Gecko) Chrome/79.0.3945.130 Safari/537.36"
::1 - - [29/Jan/2020:17:36:39 +0000] "POST /wiki/ HTTP/1.1" - - "http://localhost:8080/wiki/add" "Mozilla/5.0 (X11; Linux x86_64) AppleWebKit/537.36 (KHTML, like Gecko) Chrome/79.0.3945.130 Safari/537.36"
::1 - - [29/Jan/2020:17:38:30 +0000] "GET /wiki/ass HTTP/1.1" 404 147 "-" "Mozilla/5.0 (X11; Linux x86_64) AppleWebKit/537.36 (KHTML, like Gecko) Chrome/79.0.3945.130 Safari/537.36"
::1 - - [29/Jan/2020:17:38:35 +0000] "GET /wiki/add HTTP/1.1" 304 - "-" "Mozilla/5.0 (X11; Linux x86_64) AppleWebKit/537.36 (KHTML, like Gecko) Chrome/79.0.3945.130 Safari/537.36"
::1 - - [29/Jan/2020:17:39:36 +0000] "GET /wiki/add HTTP/1.1" 304 - "-" "Mozilla/5.0 (X11; Linux x86_64) AppleWebKit/537.36 (KHTML, like Gecko) Chrome/79.0.3945.130 Safari/537.36"
::1 - - [29/Jan/2020:17:40:32 +0000] "GET /wiki/add HTTP/1.1" 304 - "-" "Mozilla/5.0 (X11; Linux x86_64) AppleWebKit/537.36 (KHTML, like Gecko) Chrome/79.0.3945.130 Safari/537.36"
::1 - - [29/Jan/2020:17:42:38 +0000] "POST /wiki/ HTTP/1.1" - - "http://localhost:8080/wiki/add" "Mozilla/5.0 (X11; Linux x86_64) AppleWebKit/537.36 (KHTML, like Gecko) Chrome/79.0.3945.130 Safari/537.36"
::1 - - [29/Jan/2020:17:44:06 +0000] "GET /wiki/add HTTP/1.1" 304 - "-" "Mozilla/5.0 (X11; Linux x86_64) AppleWebKit/537.36 (KHTML, like Gecko) Chrome/79.0.3945.130 Safari/537.36"
::1 - - [29/Jan/2020:17:45:08 +0000] "GET /wiki/add HTTP/1.1" 304 - "-" "Mozilla/5.0 (X11; Linux x86_64) AppleWebKit/537.36 (KHTML, like Gecko) Chrome/79.0.3945.130 Safari/537.36"
::1 - - [29/Jan/2020:17:46:19 +0000] "GET /wiki/add HTTP/1.1" 304 - "-" "Mozilla/5.0 (X11; Linux x86_64) AppleWebKit/537.36 (KHTML, like Gecko) Chrome/79.0.3945.130 Safari/537.36"
::1 - - [29/Jan/2020:17:46:26 +0000] "POST /wiki/ HTTP/1.1" 302 46 "http://localhost:8080/wiki/add" "Mozilla/5.0 (X11; Linux x86_64) AppleWebKit/537.36 (KHTML, like Gecko) Chrome/79.0.3945.130 Safari/537.36"
::1 - - [29/Jan/2020:17:46:26 +0000] "GET / HTTP/1.1" 304 - "http://localhost:8080/wiki/add" "Mozilla/5.0 (X11; Linux x86_64) AppleWebKit/537.36 (KHTML, like Gecko) Chrome/79.0.3945.130 Safari/537.36"
::1 - - [29/Jan/2020:17:48:26 +0000] "GET /wiki/add HTTP/1.1" 304 - "-" "Mozilla/5.0 (X11; Linux x86_64) AppleWebKit/537.36 (KHTML, like Gecko) Chrome/79.0.3945.130 Safari/537.36"
::1 - - [29/Jan/2020:17:51:15 +0000] "GET /wiki/add HTTP/1.1" 304 - "-" "Mozilla/5.0 (X11; Linux x86_64) AppleWebKit/537.36 (KHTML, like Gecko) Chrome/79.0.3945.130 Safari/537.36"
::1 - - [29/Jan/2020:17:51:52 +0000] "GET /wiki/add HTTP/1.1" 304 - "-" "Mozilla/5.0 (X11; Linux x86_64) AppleWebKit/537.36 (KHTML, like Gecko) Chrome/79.0.3945.130 Safari/537.36"
::1 - - [29/Jan/2020:17:52:12 +0000] "POST /wiki/ HTTP/1.1" 302 46 "http://localhost:8080/wiki/add" "Mozilla/5.0 (X11; Linux x86_64) AppleWebKit/537.36 (KHTML, like Gecko) Chrome/79.0.3945.130 Safari/537.36"
::1 - - [29/Jan/2020:17:52:13 +0000] "GET / HTTP/1.1" 304 - "http://localhost:8080/wiki/add" "Mozilla/5.0 (X11; Linux x86_64) AppleWebKit/537.36 (KHTML, like Gecko) Chrome/79.0.3945.130 Safari/537.36"
::1 - - [29/Jan/2020:17:53:19 +0000] "GET /wiki/add HTTP/1.1" 304 - "-" "Mozilla/5.0 (X11; Linux x86_64) AppleWebKit/537.36 (KHTML, like Gecko) Chrome/79.0.3945.130 Safari/537.36"
::1 - - [29/Jan/2020:17:53:28 +0000] "POST /wiki/ HTTP/1.1" 302 46 "http://localhost:8080/wiki/add" "Mozilla/5.0 (X11; Linux x86_64) AppleWebKit/537.36 (KHTML, like Gecko) Chrome/79.0.3945.130 Safari/537.36"
::1 - - [29/Jan/2020:17:53:28 +0000] "GET / HTTP/1.1" 304 - "http://localhost:8080/wiki/add" "Mozilla/5.0 (X11; Linux x86_64) AppleWebKit/537.36 (KHTML, like Gecko) Chrome/79.0.3945.130 Safari/537.36"
::1 - - [29/Jan/2020:17:53:46 +0000] "GET /wiki/add HTTP/1.1" 304 - "-" "Mozilla/5.0 (X11; Linux x86_64) AppleWebKit/537.36 (KHTML, like Gecko) Chrome/79.0.3945.130 Safari/537.36"
::1 - - [29/Jan/2020:17:54:11 +0000] "POST /wiki/ HTTP/1.1" 302 46 "http://localhost:8080/wiki/add" "Mozilla/5.0 (X11; Linux x86_64) AppleWebKit/537.36 (KHTML, like Gecko) Chrome/79.0.3945.130 Safari/537.36"
::1 - - [29/Jan/2020:17:54:11 +0000] "GET / HTTP/1.1" 304 - "http://localhost:8080/wiki/add" "Mozilla/5.0 (X11; Linux x86_64) AppleWebKit/537.36 (KHTML, like Gecko) Chrome/79.0.3945.130 Safari/537.36"
::1 - - [29/Jan/2020:17:54:45 +0000] "GET /wiki/add HTTP/1.1" 304 - "-" "Mozilla/5.0 (X11; Linux x86_64) AppleWebKit/537.36 (KHTML, like Gecko) Chrome/79.0.3945.130 Safari/537.36"
::1 - - [29/Jan/2020:17:54:53 +0000] "POST /wiki/ HTTP/1.1" 302 46 "http://localhost:8080/wiki/add" "Mozilla/5.0 (X11; Linux x86_64) AppleWebKit/537.36 (KHTML, like Gecko) Chrome/79.0.3945.130 Safari/537.36"
::1 - - [29/Jan/2020:17:54:53 +0000] "GET / HTTP/1.1" 304 - "http://localhost:8080/wiki/add" "Mozilla/5.0 (X11; Linux x86_64) AppleWebKit/537.36 (KHTML, like Gecko) Chrome/79.0.3945.130 Safari/537.36"
::1 - - [29/Jan/2020:17:57:09 +0000] "GET /wiki/add HTTP/1.1" 304 - "-" "Mozilla/5.0 (X11; Linux x86_64) AppleWebKit/537.36 (KHTML, like Gecko) Chrome/79.0.3945.130 Safari/537.36"
::1 - - [29/Jan/2020:17:57:17 +0000] "POST /wiki/ HTTP/1.1" 302 46 "http://localhost:8080/wiki/add" "Mozilla/5.0 (X11; Linux x86_64) AppleWebKit/537.36 (KHTML, like Gecko) Chrome/79.0.3945.130 Safari/537.36"
::1 - - [29/Jan/2020:17:57:17 +0000] "GET / HTTP/1.1" 304 - "http://localhost:8080/wiki/add" "Mozilla/5.0 (X11; Linux x86_64) AppleWebKit/537.36 (KHTML, like Gecko) Chrome/79.0.3945.130 Safari/537.36"
::1 - - [29/Jan/2020:18:02:06 +0000] "GET /wiki/add HTTP/1.1" 304 - "-" "Mozilla/5.0 (X11; Linux x86_64) AppleWebKit/537.36 (KHTML, like Gecko) Chrome/79.0.3945.130 Safari/537.36"
::1 - - [29/Jan/2020:18:02:23 +0000] "POST /wiki/ HTTP/1.1" 200 40 "http://localhost:8080/wiki/add" "Mozilla/5.0 (X11; Linux x86_64) AppleWebKit/537.36 (KHTML, like Gecko) Chrome/79.0.3945.130 Safari/537.36"
::1 - - [29/Jan/2020:18:03:12 +0000] "GET /wiki/add HTTP/1.1" 304 - "-" "Mozilla/5.0 (X11; Linux x86_64) AppleWebKit/537.36 (KHTML, like Gecko) Chrome/79.0.3945.130 Safari/537.36"
::1 - - [29/Jan/2020:18:03:21 +0000] "POST /wiki/ HTTP/1.1" 200 - "http://localhost:8080/wiki/add" "Mozilla/5.0 (X11; Linux x86_64) AppleWebKit/537.36 (KHTML, like Gecko) Chrome/79.0.3945.130 Safari/537.36"
::1 - - [29/Jan/2020:18:04:07 +0000] "GET /wiki/add HTTP/1.1" 304 - "-" "Mozilla/5.0 (X11; Linux x86_64) AppleWebKit/537.36 (KHTML, like Gecko) Chrome/79.0.3945.130 Safari/537.36"
::1 - - [29/Jan/2020:18:04:14 +0000] "POST /wiki/ HTTP/1.1" 200 40 "http://localhost:8080/wiki/add" "Mozilla/5.0 (X11; Linux x86_64) AppleWebKit/537.36 (KHTML, like Gecko) Chrome/79.0.3945.130 Safari/537.36"
::1 - - [29/Jan/2020:18:05:08 +0000] "POST /wiki/ HTTP/1.1" 200 40 "http://localhost:8080/wiki/add" "Mozilla/5.0 (X11; Linux x86_64) AppleWebKit/537.36 (KHTML, like Gecko) Chrome/79.0.3945.130 Safari/537.36"
::1 - - [29/Jan/2020:18:05:10 +0000] "GET /wiki/add HTTP/1.1" 304 - "-" "Mozilla/5.0 (X11; Linux x86_64) AppleWebKit/537.36 (KHTML, like Gecko) Chrome/79.0.3945.130 Safari/537.36"
::1 - - [29/Jan/2020:18:05:22 +0000] "POST /wiki/ HTTP/1.1" 200 40 "http://localhost:8080/wiki/add" "Mozilla/5.0 (X11; Linux x86_64) AppleWebKit/537.36 (KHTML, like Gecko) Chrome/79.0.3945.130 Safari/537.36"
::1 - - [29/Jan/2020:18:06:24 +0000] "POST /wiki/ HTTP/1.1" 200 - "http://localhost:8080/wiki/add" "Mozilla/5.0 (X11; Linux x86_64) AppleWebKit/537.36 (KHTML, like Gecko) Chrome/79.0.3945.130 Safari/537.36"
::1 - - [29/Jan/2020:18:06:56 +0000] "POST /wiki/ HTTP/1.1" 200 40 "http://localhost:8080/wiki/add" "Mozilla/5.0 (X11; Linux x86_64) AppleWebKit/537.36 (KHTML, like Gecko) Chrome/79.0.3945.130 Safari/537.36"
::1 - - [29/Jan/2020:18:07:22 +0000] "GET /wiki/add HTTP/1.1" 304 - "-" "Mozilla/5.0 (X11; Linux x86_64) AppleWebKit/537.36 (KHTML, like Gecko) Chrome/79.0.3945.130 Safari/537.36"
::1 - - [29/Jan/2020:18:07:29 +0000] "POST /wiki/ HTTP/1.1" 200 - "http://localhost:8080/wiki/add" "Mozilla/5.0 (X11; Linux x86_64) AppleWebKit/537.36 (KHTML, like Gecko) Chrome/79.0.3945.130 Safari/537.36"
::1 - - [29/Jan/2020:18:08:09 +0000] "GET /wiki/add HTTP/1.1" 304 - "-" "Mozilla/5.0 (X11; Linux x86_64) AppleWebKit/537.36 (KHTML, like Gecko) Chrome/79.0.3945.130 Safari/537.36"
::1 - - [29/Jan/2020:18:12:08 +0000] "POST /wiki/ HTTP/1.1" 200 40 "http://localhost:8080/wiki/add" "Mozilla/5.0 (X11; Linux x86_64) AppleWebKit/537.36 (KHTML, like Gecko) Chrome/79.0.3945.130 Safari/537.36"
::1 - - [29/Jan/2020:18:12:40 +0000] "GET /wiki/add HTTP/1.1" 304 - "-" "Mozilla/5.0 (X11; Linux x86_64) AppleWebKit/537.36 (KHTML, like Gecko) Chrome/79.0.3945.130 Safari/537.36"
::1 - - [29/Jan/2020:18:14:16 +0000] "GET /wiki/add HTTP/1.1" 304 - "-" "Mozilla/5.0 (X11; Linux x86_64) AppleWebKit/537.36 (KHTML, like Gecko) Chrome/79.0.3945.130 Safari/537.36"
::1 - - [29/Jan/2020:18:14:57 +0000] "GET /wiki/add HTTP/1.1" 304 - "-" "Mozilla/5.0 (X11; Linux x86_64) AppleWebKit/537.36 (KHTML, like Gecko) Chrome/79.0.3945.130 Safari/537.36"
::1 - - [29/Jan/2020:18:15:27 +0000] "GET /wiki/add HTTP/1.1" 304 - "-" "Mozilla/5.0 (X11; Linux x86_64) AppleWebKit/537.36 (KHTML, like Gecko) Chrome/79.0.3945.130 Safari/537.36"
::1 - - [29/Jan/2020:18:15:37 +0000] "POST /wiki/ HTTP/1.1" 200 164 "http://localhost:8080/wiki/add" "Mozilla/5.0 (X11; Linux x86_64) AppleWebKit/537.36 (KHTML, like Gecko) Chrome/79.0.3945.130 Safari/537.36"
::1 - - [29/Jan/2020:18:15:53 +0000] "GET /wiki HTTP/1.1" 302 46 "-" "Mozilla/5.0 (X11; Linux x86_64) AppleWebKit/537.36 (KHTML, like Gecko) Chrome/79.0.3945.130 Safari/537.36"
::1 - - [29/Jan/2020:18:15:53 +0000] "GET / HTTP/1.1" 304 - "-" "Mozilla/5.0 (X11; Linux x86_64) AppleWebKit/537.36 (KHTML, like Gecko) Chrome/79.0.3945.130 Safari/537.36"
::1 - - [29/Jan/2020:18:19:01 +0000] "GET /wiki/hola HTTP/1.1" 200 34 "-" "Mozilla/5.0 (X11; Linux x86_64) AppleWebKit/537.36 (KHTML, like Gecko) Chrome/79.0.3945.130 Safari/537.36"
::1 - - [29/Jan/2020:18:23:17 +0000] "GET /wiki/add HTTP/1.1" 304 - "-" "Mozilla/5.0 (X11; Linux x86_64) AppleWebKit/537.36 (KHTML, like Gecko) Chrome/79.0.3945.130 Safari/537.36"
::1 - - [29/Jan/2020:18:23:41 +0000] "GET /wiki/Esto%20es%20un%20titulo%20largo%20con%20espacio HTTP/1.1" 500 1949 "-" "Mozilla/5.0 (X11; Linux x86_64) AppleWebKit/537.36 (KHTML, like Gecko) Chrome/79.0.3945.130 Safari/537.36"
::1 - - [29/Jan/2020:18:25:17 +0000] "GET /wiki/Esto%20es%20un%20titulo%20largo%20con%20espacio HTTP/1.1" 200 225 "-" "Mozilla/5.0 (X11; Linux x86_64) AppleWebKit/537.36 (KHTML, like Gecko) Chrome/79.0.3945.130 Safari/537.36"
::1 - - [29/Jan/2020:18:25:50 +0000] "GET /wiki/CACA HTTP/1.1" 200 4 "-" "Mozilla/5.0 (X11; Linux x86_64) AppleWebKit/537.36 (KHTML, like Gecko) Chrome/79.0.3945.130 Safari/537.36"
::1 - - [29/Jan/2020:18:26:06 +0000] "GET /wiki/dsad HTTP/1.1" 200 157 "-" "Mozilla/5.0 (X11; Linux x86_64) AppleWebKit/537.36 (KHTML, like Gecko) Chrome/79.0.3945.130 Safari/537.36"
::1 - - [29/Jan/2020:18:26:14 +0000] "GET /wiki/caca HTTP/1.1" 200 169 "-" "Mozilla/5.0 (X11; Linux x86_64) AppleWebKit/537.36 (KHTML, like Gecko) Chrome/79.0.3945.130 Safari/537.36"
::1 - - [29/Jan/2020:18:26:25 +0000] "GET /wiki/add HTTP/1.1" 304 - "-" "Mozilla/5.0 (X11; Linux x86_64) AppleWebKit/537.36 (KHTML, like Gecko) Chrome/79.0.3945.130 Safari/537.36"
::1 - - [29/Jan/2020:18:26:41 +0000] "POST /wiki/ HTTP/1.1" 200 200 "http://localhost:8080/wiki/add" "Mozilla/5.0 (X11; Linux x86_64) AppleWebKit/537.36 (KHTML, like Gecko) Chrome/79.0.3945.130 Safari/537.36"
::1 - - [29/Jan/2020:18:26:53 +0000] "GET /wiki/hola%20esto%20funciona%20puto HTTP/1.1" 200 4 "-" "Mozilla/5.0 (X11; Linux x86_64) AppleWebKit/537.36 (KHTML, like Gecko) Chrome/79.0.3945.130 Safari/537.36"
::1 - - [29/Jan/2020:18:27:30 +0000] "GET /wiki/hola%20esto%20funciona%20puto HTTP/1.1" 304 - "-" "Mozilla/5.0 (X11; Linux x86_64) AppleWebKit/537.36 (KHTML, like Gecko) Chrome/79.0.3945.130 Safari/537.36"
::1 - - [29/Jan/2020:18:30:44 +0000] "GET /wiki/hola%20esto%20funciona%20puto HTTP/1.1" 304 - "-" "Mozilla/5.0 (X11; Linux x86_64) AppleWebKit/537.36 (KHTML, like Gecko) Chrome/79.0.3945.130 Safari/537.36"
::1 - - [29/Jan/2020:18:31:02 +0000] "GET /wiki/Hola%20esto%20funciona%20puto HTTP/1.1" 200 200 "-" "Mozilla/5.0 (X11; Linux x86_64) AppleWebKit/537.36 (KHTML, like Gecko) Chrome/79.0.3945.130 Safari/537.36"
::1 - - [29/Jan/2020:18:51:43 +0000] "GET /wiki/add HTTP/1.1" 304 - "-" "Mozilla/5.0 (X11; Linux x86_64) AppleWebKit/537.36 (KHTML, like Gecko) Chrome/79.0.3945.130 Safari/537.36"
::1 - - [29/Jan/2020:18:54:27 +0000] "GET /wiki/caca HTTP/1.1" 304 - "-" "Mozilla/5.0 (X11; Linux x86_64) AppleWebKit/537.36 (KHTML, like Gecko) Chrome/79.0.3945.130 Safari/537.36"
::1 - - [29/Jan/2020:18:54:43 +0000] "GET /wiki/caca HTTP/1.1" 200 2040 "-" "Mozilla/5.0 (X11; Linux x86_64) AppleWebKit/537.36 (KHTML, like Gecko) Chrome/79.0.3945.130 Safari/537.36"
::1 - - [29/Jan/2020:18:58:34 +0000] "GET /wiki/caca HTTP/1.1" 200 2037 "-" "Mozilla/5.0 (X11; Linux x86_64) AppleWebKit/537.36 (KHTML, like Gecko) Chrome/79.0.3945.130 Safari/537.36"
::1 - - [29/Jan/2020:19:03:12 +0000] "GET /wiki/add HTTP/1.1" 200 1644 "-" "Mozilla/5.0 (X11; Linux x86_64) AppleWebKit/537.36 (KHTML, like Gecko) Chrome/79.0.3945.130 Safari/537.36"
::1 - - [29/Jan/2020:19:03:18 +0000] "GET /wiki/add HTTP/1.1" 304 - "-" "Mozilla/5.0 (X11; Linux x86_64) AppleWebKit/537.36 (KHTML, like Gecko) Chrome/79.0.3945.130 Safari/537.36"
::1 - - [29/Jan/2020:19:03:39 +0000] "GET /wiki/add HTTP/1.1" 200 2996 "-" "Mozilla/5.0 (X11; Linux x86_64) AppleWebKit/537.36 (KHTML, like Gecko) Chrome/79.0.3945.130 Safari/537.36"
::1 - - [29/Jan/2020:19:09:22 +0000] "GET /wiki/add HTTP/1.1" 304 - "-" "Mozilla/5.0 (X11; Linux x86_64) AppleWebKit/537.36 (KHTML, like Gecko) Chrome/79.0.3945.130 Safari/537.36"
::1 - - [29/Jan/2020:19:10:47 +0000] "GET /wiki/add HTTP/1.1" 304 - "-" "Mozilla/5.0 (X11; Linux x86_64) AppleWebKit/537.36 (KHTML, like Gecko) Chrome/79.0.3945.130 Safari/537.36"
::1 - - [29/Jan/2020:19:12:00 +0000] "GET /wiki/add HTTP/1.1" 304 - "-" "Mozilla/5.0 (X11; Linux x86_64) AppleWebKit/537.36 (KHTML, like Gecko) Chrome/79.0.3945.130 Safari/537.36"
::1 - - [29/Jan/2020:19:13:51 +0000] "GET /wiki/add HTTP/1.1" 304 - "-" "Mozilla/5.0 (X11; Linux x86_64) AppleWebKit/537.36 (KHTML, like Gecko) Chrome/79.0.3945.130 Safari/537.36"
::1 - - [29/Jan/2020:19:13:59 +0000] "POST /wiki/ HTTP/1.1" - - "http://localhost:8080/wiki/add" "Mozilla/5.0 (X11; Linux x86_64) AppleWebKit/537.36 (KHTML, like Gecko) Chrome/79.0.3945.130 Safari/537.36"
::1 - - [29/Jan/2020:19:15:04 +0000] "GET /wiki/add HTTP/1.1" 304 - "-" "Mozilla/5.0 (X11; Linux x86_64) AppleWebKit/537.36 (KHTML, like Gecko) Chrome/79.0.3945.130 Safari/537.36"
::1 - - [29/Jan/2020:19:15:38 +0000] "GET /wiki/ HTTP/1.1" 302 46 "-" "Mozilla/5.0 (X11; Linux x86_64) AppleWebKit/537.36 (KHTML, like Gecko) Chrome/79.0.3945.130 Safari/537.36"
::1 - - [29/Jan/2020:19:15:38 +0000] "GET / HTTP/1.1" 304 - "-" "Mozilla/5.0 (X11; Linux x86_64) AppleWebKit/537.36 (KHTML, like Gecko) Chrome/79.0.3945.130 Safari/537.36"
::1 - - [29/Jan/2020:19:15:43 +0000] "GET /wiki/add HTTP/1.1" 304 - "-" "Mozilla/5.0 (X11; Linux x86_64) AppleWebKit/537.36 (KHTML, like Gecko) Chrome/79.0.3945.130 Safari/537.36"
::1 - - [29/Jan/2020:19:17:54 +0000] "GET /wiki/add HTTP/1.1" 304 - "-" "Mozilla/5.0 (X11; Linux x86_64) AppleWebKit/537.36 (KHTML, like Gecko) Chrome/79.0.3945.130 Safari/537.36"
::1 - - [29/Jan/2020:19:18:56 +0000] "GET /wiki/add HTTP/1.1" 304 - "-" "Mozilla/5.0 (X11; Linux x86_64) AppleWebKit/537.36 (KHTML, like Gecko) Chrome/79.0.3945.130 Safari/537.36"
::1 - - [29/Jan/2020:19:21:20 +0000] "GET /wiki/add HTTP/1.1" 304 - "-" "Mozilla/5.0 (X11; Linux x86_64) AppleWebKit/537.36 (KHTML, like Gecko) Chrome/79.0.3945.130 Safari/537.36"
::1 - - [29/Jan/2020:19:21:21 +0000] "GET /wiki/app HTTP/1.1" 200 2012 "-" "Mozilla/5.0 (X11; Linux x86_64) AppleWebKit/537.36 (KHTML, like Gecko) Chrome/79.0.3945.130 Safari/537.36"
::1 - - [29/Jan/2020:19:22:06 +0000] "GET /wiki/add HTTP/1.1" 304 - "-" "Mozilla/5.0 (X11; Linux x86_64) AppleWebKit/537.36 (KHTML, like Gecko) Chrome/79.0.3945.130 Safari/537.36"
::1 - - [29/Jan/2020:19:26:44 +0000] "GET /wiki/add HTTP/1.1" 304 - "-" "Mozilla/5.0 (X11; Linux x86_64) AppleWebKit/537.36 (KHTML, like Gecko) Chrome/79.0.3945.130 Safari/537.36"
::1 - - [29/Jan/2020:19:27:30 +0000] "POST /wiki/ HTTP/1.1" - - "http://localhost:8080/wiki/add" "Mozilla/5.0 (X11; Linux x86_64) AppleWebKit/537.36 (KHTML, like Gecko) Chrome/79.0.3945.130 Safari/537.36"
::1 - - [29/Jan/2020:19:28:58 +0000] "GET /wiki/add HTTP/1.1" 304 - "-" "Mozilla/5.0 (X11; Linux x86_64) AppleWebKit/537.36 (KHTML, like Gecko) Chrome/79.0.3945.130 Safari/537.36"
::1 - - [29/Jan/2020:19:29:41 +0000] "POST /wiki/ HTTP/1.1" - - "http://localhost:8080/wiki/add" "Mozilla/5.0 (X11; Linux x86_64) AppleWebKit/537.36 (KHTML, like Gecko) Chrome/79.0.3945.130 Safari/537.36"
::1 - - [29/Jan/2020:19:30:19 +0000] "GET /wiki/add HTTP/1.1" 304 - "-" "Mozilla/5.0 (X11; Linux x86_64) AppleWebKit/537.36 (KHTML, like Gecko) Chrome/79.0.3945.130 Safari/537.36"
::1 - - [29/Jan/2020:19:35:32 +0000] "GET /wiki/add HTTP/1.1" 304 - "-" "Mozilla/5.0 (X11; Linux x86_64) AppleWebKit/537.36 (KHTML, like Gecko) Chrome/79.0.3945.130 Safari/537.36"
::1 - - [29/Jan/2020:19:35:46 +0000] "POST /wiki/ HTTP/1.1" 302 126 "http://localhost:8080/wiki/add" "Mozilla/5.0 (X11; Linux x86_64) AppleWebKit/537.36 (KHTML, like Gecko) Chrome/79.0.3945.130 Safari/537.36"
::1 - - [29/Jan/2020:19:35:46 +0000] "GET /wiki/Esto_es_un_titulo_largo_con_espacio HTTP/1.1" 200 2060 "http://localhost:8080/wiki/add" "Mozilla/5.0 (X11; Linux x86_64) AppleWebKit/537.36 (KHTML, like Gecko) Chrome/79.0.3945.130 Safari/537.36"
::1 - - [29/Jan/2020:19:42:42 +0000] "GET /wiki/Esto_es_un_titulo_largo_con_espacio HTTP/1.1" 304 - "-" "Mozilla/5.0 (X11; Linux x86_64) AppleWebKit/537.36 (KHTML, like Gecko) Chrome/79.0.3945.130 Safari/537.36"
::1 - - [29/Jan/2020:19:42:48 +0000] "GET / HTTP/1.1" 500 3075 "-" "Mozilla/5.0 (X11; Linux x86_64) AppleWebKit/537.36 (KHTML, like Gecko) Chrome/79.0.3945.130 Safari/537.36"
::1 - - [29/Jan/2020:19:44:07 +0000] "GET / HTTP/1.1" 500 3076 "-" "Mozilla/5.0 (X11; Linux x86_64) AppleWebKit/537.36 (KHTML, like Gecko) Chrome/79.0.3945.130 Safari/537.36"
::1 - - [29/Jan/2020:19:44:41 +0000] "GET / HTTP/1.1" 200 1650 "-" "Mozilla/5.0 (X11; Linux x86_64) AppleWebKit/537.36 (KHTML, like Gecko) Chrome/79.0.3945.130 Safari/537.36"
::1 - - [29/Jan/2020:19:46:56 +0000] "GET / HTTP/1.1" 200 1715 "-" "Mozilla/5.0 (X11; Linux x86_64) AppleWebKit/537.36 (KHTML, like Gecko) Chrome/79.0.3945.130 Safari/537.36"
::1 - - [29/Jan/2020:19:47:13 +0000] "GET / HTTP/1.1" 200 1691 "-" "Mozilla/5.0 (X11; Linux x86_64) AppleWebKit/537.36 (KHTML, like Gecko) Chrome/79.0.3945.130 Safari/537.36"
::1 - - [29/Jan/2020:19:47:21 +0000] "GET /PLACEHOLDER_URL_TITLE/edit HTTP/1.1" 404 165 "http://localhost:8080/" "Mozilla/5.0 (X11; Linux x86_64) AppleWebKit/537.36 (KHTML, like Gecko) Chrome/79.0.3945.130 Safari/537.36"
::1 - - [29/Jan/2020:19:49:26 +0000] "GET / HTTP/1.1" 200 1680 "-" "Mozilla/5.0 (X11; Linux x86_64) AppleWebKit/537.36 (KHTML, like Gecko) Chrome/79.0.3945.130 Safari/537.36"
::1 - - [29/Jan/2020:19:49:38 +0000] "GET /wikipage.html HTTP/1.1" 404 152 "http://localhost:8080/" "Mozilla/5.0 (X11; Linux x86_64) AppleWebKit/537.36 (KHTML, like Gecko) Chrome/79.0.3945.130 Safari/537.36"
::1 - - [29/Jan/2020:19:51:40 +0000] "GET / HTTP/1.1" 200 1698 "-" "Mozilla/5.0 (X11; Linux x86_64) AppleWebKit/537.36 (KHTML, like Gecko) Chrome/79.0.3945.130 Safari/537.36"
::1 - - [29/Jan/2020:19:51:42 +0000] "GET /Esto_es_un_titulo_largo_con_espacio HTTP/1.1" 404 174 "http://localhost:8080/" "Mozilla/5.0 (X11; Linux x86_64) AppleWebKit/537.36 (KHTML, like Gecko) Chrome/79.0.3945.130 Safari/537.36"
::1 - - [29/Jan/2020:19:52:29 +0000] "GET /Esto_es_un_titulo_largo_con_espacio HTTP/1.1" 404 174 "http://localhost:8080/" "Mozilla/5.0 (X11; Linux x86_64) AppleWebKit/537.36 (KHTML, like Gecko) Chrome/79.0.3945.130 Safari/537.36"
::1 - - [29/Jan/2020:19:52:33 +0000] "GET /Esto_es_un_titulo_largo_con_espacio HTTP/1.1" 404 174 "http://localhost:8080/" "Mozilla/5.0 (X11; Linux x86_64) AppleWebKit/537.36 (KHTML, like Gecko) Chrome/79.0.3945.130 Safari/537.36"
::1 - - [29/Jan/2020:19:52:38 +0000] "GET / HTTP/1.1" 200 1709 "-" "Mozilla/5.0 (X11; Linux x86_64) AppleWebKit/537.36 (KHTML, like Gecko) Chrome/79.0.3945.130 Safari/537.36"
::1 - - [29/Jan/2020:19:52:42 +0000] "GET /wiki/ HTTP/1.1" 302 46 "http://localhost:8080/" "Mozilla/5.0 (X11; Linux x86_64) AppleWebKit/537.36 (KHTML, like Gecko) Chrome/79.0.3945.130 Safari/537.36"
::1 - - [29/Jan/2020:19:52:42 +0000] "GET / HTTP/1.1" 304 - "http://localhost:8080/" "Mozilla/5.0 (X11; Linux x86_64) AppleWebKit/537.36 (KHTML, like Gecko) Chrome/79.0.3945.130 Safari/537.36"
::1 - - [29/Jan/2020:19:52:43 +0000] "GET /wiki/ HTTP/1.1" 302 46 "http://localhost:8080/" "Mozilla/5.0 (X11; Linux x86_64) AppleWebKit/537.36 (KHTML, like Gecko) Chrome/79.0.3945.130 Safari/537.36"
::1 - - [29/Jan/2020:19:52:43 +0000] "GET / HTTP/1.1" 304 - "http://localhost:8080/" "Mozilla/5.0 (X11; Linux x86_64) AppleWebKit/537.36 (KHTML, like Gecko) Chrome/79.0.3945.130 Safari/537.36"
::1 - - [29/Jan/2020:19:52:44 +0000] "GET /wiki/ HTTP/1.1" 302 46 "http://localhost:8080/" "Mozilla/5.0 (X11; Linux x86_64) AppleWebKit/537.36 (KHTML, like Gecko) Chrome/79.0.3945.130 Safari/537.36"
::1 - - [29/Jan/2020:19:52:44 +0000] "GET / HTTP/1.1" 304 - "http://localhost:8080/" "Mozilla/5.0 (X11; Linux x86_64) AppleWebKit/537.36 (KHTML, like Gecko) Chrome/79.0.3945.130 Safari/537.36"
::1 - - [29/Jan/2020:19:53:15 +0000] "GET / HTTP/1.1" 500 3173 "http://localhost:8080/" "Mozilla/5.0 (X11; Linux x86_64) AppleWebKit/537.36 (KHTML, like Gecko) Chrome/79.0.3945.130 Safari/537.36"
::1 - - [29/Jan/2020:19:53:58 +0000] "GET / HTTP/1.1" 500 3173 "-" "Mozilla/5.0 (X11; Linux x86_64) AppleWebKit/537.36 (KHTML, like Gecko) Chrome/79.0.3945.130 Safari/537.36"
::1 - - [29/Jan/2020:19:54:54 +0000] "GET / HTTP/1.1" 200 1705 "-" "Mozilla/5.0 (X11; Linux x86_64) AppleWebKit/537.36 (KHTML, like Gecko) Chrome/79.0.3945.130 Safari/537.36"
::1 - - [29/Jan/2020:19:54:59 +0000] "GET /wiki/Esto_es_un_titulo_largo_con_espacio HTTP/1.1" 304 - "http://localhost:8080/" "Mozilla/5.0 (X11; Linux x86_64) AppleWebKit/537.36 (KHTML, like Gecko) Chrome/79.0.3945.130 Safari/537.36"
::1 - - [29/Jan/2020:19:58:45 +0000] "GET /wiki/ HTTP/1.1" 302 46 "http://localhost:8080/wiki/Esto_es_un_titulo_largo_con_espacio" "Mozilla/5.0 (X11; Linux x86_64) AppleWebKit/537.36 (KHTML, like Gecko) Chrome/79.0.3945.130 Safari/537.36"
::1 - - [29/Jan/2020:19:58:45 +0000] "GET / HTTP/1.1" 304 - "http://localhost:8080/wiki/Esto_es_un_titulo_largo_con_espacio" "Mozilla/5.0 (X11; Linux x86_64) AppleWebKit/537.36 (KHTML, like Gecko) Chrome/79.0.3945.130 Safari/537.36"
::1 - - [29/Jan/2020:19:58:47 +0000] "GET /wiki/add HTTP/1.1" 304 - "http://localhost:8080/" "Mozilla/5.0 (X11; Linux x86_64) AppleWebKit/537.36 (KHTML, like Gecko) Chrome/79.0.3945.130 Safari/537.36"
::1 - - [29/Jan/2020:20:00:25 +0000] "GET /wiki/add HTTP/1.1" 200 2956 "http://localhost:8080/" "Mozilla/5.0 (X11; Linux x86_64) AppleWebKit/537.36 (KHTML, like Gecko) Chrome/79.0.3945.130 Safari/537.36"
::1 - - [29/Jan/2020:20:00:29 +0000] "GET /wiki/add HTTP/1.1" 304 - "http://localhost:8080/" "Mozilla/5.0 (X11; Linux x86_64) AppleWebKit/537.36 (KHTML, like Gecko) Chrome/79.0.3945.130 Safari/537.36"
::1 - - [29/Jan/2020:20:00:33 +0000] "GET /wiki/add HTTP/1.1" 304 - "http://localhost:8080/" "Mozilla/5.0 (X11; Linux x86_64) AppleWebKit/537.36 (KHTML, like Gecko) Chrome/79.0.3945.130 Safari/537.36"
::1 - - [29/Jan/2020:20:04:34 +0000] "GET / HTTP/1.1" 304 - "http://localhost:8080/wiki/add" "Mozilla/5.0 (X11; Linux x86_64) AppleWebKit/537.36 (KHTML, like Gecko) Chrome/79.0.3945.130 Safari/537.36"
::1 - - [29/Jan/2020:20:04:35 +0000] "GET /wiki/ HTTP/1.1" 302 46 "http://localhost:8080/" "Mozilla/5.0 (X11; Linux x86_64) AppleWebKit/537.36 (KHTML, like Gecko) Chrome/79.0.3945.130 Safari/537.36"
::1 - - [29/Jan/2020:20:04:35 +0000] "GET / HTTP/1.1" 304 - "http://localhost:8080/" "Mozilla/5.0 (X11; Linux x86_64) AppleWebKit/537.36 (KHTML, like Gecko) Chrome/79.0.3945.130 Safari/537.36"
::1 - - [29/Jan/2020:20:04:37 +0000] "GET /wiki/add HTTP/1.1" 304 - "http://localhost:8080/" "Mozilla/5.0 (X11; Linux x86_64) AppleWebKit/537.36 (KHTML, like Gecko) Chrome/79.0.3945.130 Safari/537.36"
::1 - - [29/Jan/2020:20:04:37 +0000] "GET /users HTTP/1.1" 404 144 "http://localhost:8080/wiki/add" "Mozilla/5.0 (X11; Linux x86_64) AppleWebKit/537.36 (KHTML, like Gecko) Chrome/79.0.3945.130 Safari/537.36"
::1 - - [29/Jan/2020:20:04:40 +0000] "GET /search HTTP/1.1" 404 145 "http://localhost:8080/wiki/add" "Mozilla/5.0 (X11; Linux x86_64) AppleWebKit/537.36 (KHTML, like Gecko) Chrome/79.0.3945.130 Safari/537.36"
::1 - - [29/Jan/2020:20:04:43 +0000] "GET /about HTTP/1.1" 404 144 "http://localhost:8080/wiki/add" "Mozilla/5.0 (X11; Linux x86_64) AppleWebKit/537.36 (KHTML, like Gecko) Chrome/79.0.3945.130 Safari/537.36"
::1 - - [29/Jan/2020:20:04:47 +0000] "GET /wiki/add HTTP/1.1" 304 - "http://localhost:8080/wiki/add" "Mozilla/5.0 (X11; Linux x86_64) AppleWebKit/537.36 (KHTML, like Gecko) Chrome/79.0.3945.130 Safari/537.36"
::1 - - [29/Jan/2020:20:04:51 +0000] "GET /wiki/ HTTP/1.1" 302 46 "http://localhost:8080/wiki/add" "Mozilla/5.0 (X11; Linux x86_64) AppleWebKit/537.36 (KHTML, like Gecko) Chrome/79.0.3945.130 Safari/537.36"
::1 - - [29/Jan/2020:20:04:51 +0000] "GET / HTTP/1.1" 304 - "http://localhost:8080/wiki/add" "Mozilla/5.0 (X11; Linux x86_64) AppleWebKit/537.36 (KHTML, like Gecko) Chrome/79.0.3945.130 Safari/537.36"
::1 - - [29/Jan/2020:20:06:02 +0000] "GET /wiki/add HTTP/1.1" 200 2956 "http://localhost:8080/" "Mozilla/5.0 (X11; Linux x86_64) AppleWebKit/537.36 (KHTML, like Gecko) Chrome/79.0.3945.130 Safari/537.36"
::1 - - [29/Jan/2020:20:07:23 +0000] "GET /wiki/add HTTP/1.1" 200 3026 "http://localhost:8080/" "Mozilla/5.0 (X11; Linux x86_64) AppleWebKit/537.36 (KHTML, like Gecko) Chrome/79.0.3945.130 Safari/537.36"
::1 - - [29/Jan/2020:20:07:47 +0000] "GET /wiki/add HTTP/1.1" 200 3026 "http://localhost:8080/" "Mozilla/5.0 (X11; Linux x86_64) AppleWebKit/537.36 (KHTML, like Gecko) Chrome/79.0.3945.130 Safari/537.36"
::1 - - [29/Jan/2020:20:08:12 +0000] "GET /wiki/add HTTP/1.1" 200 3043 "http://localhost:8080/" "Mozilla/5.0 (X11; Linux x86_64) AppleWebKit/537.36 (KHTML, like Gecko) Chrome/79.0.3945.130 Safari/537.36"
::1 - - [29/Jan/2020:20:08:18 +0000] "GET /wiki/add HTTP/1.1" 304 - "http://localhost:8080/" "Mozilla/5.0 (X11; Linux x86_64) AppleWebKit/537.36 (KHTML, like Gecko) Chrome/79.0.3945.130 Safari/537.36"
::1 - - [29/Jan/2020:20:08:29 +0000] "GET /wiki/add HTTP/1.1" 200 3025 "http://localhost:8080/" "Mozilla/5.0 (X11; Linux x86_64) AppleWebKit/537.36 (KHTML, like Gecko) Chrome/79.0.3945.130 Safari/537.36"
::1 - - [29/Jan/2020:20:12:43 +0000] "GET / HTTP/1.1" 304 - "http://localhost:8080/wiki/add" "Mozilla/5.0 (X11; Linux x86_64) AppleWebKit/537.36 (KHTML, like Gecko) Chrome/79.0.3945.130 Safari/537.36"
::1 - - [29/Jan/2020:20:12:46 +0000] "GET /wiki/ HTTP/1.1" 302 46 "http://localhost:8080/" "Mozilla/5.0 (X11; Linux x86_64) AppleWebKit/537.36 (KHTML, like Gecko) Chrome/79.0.3945.130 Safari/537.36"
::1 - - [29/Jan/2020:20:12:46 +0000] "GET / HTTP/1.1" 304 - "http://localhost:8080/" "Mozilla/5.0 (X11; Linux x86_64) AppleWebKit/537.36 (KHTML, like Gecko) Chrome/79.0.3945.130 Safari/537.36"
::1 - - [29/Jan/2020:20:12:48 +0000] "GET /wiki/ HTTP/1.1" 302 46 "http://localhost:8080/" "Mozilla/5.0 (X11; Linux x86_64) AppleWebKit/537.36 (KHTML, like Gecko) Chrome/79.0.3945.130 Safari/537.36"
::1 - - [29/Jan/2020:20:12:48 +0000] "GET / HTTP/1.1" 304 - "http://localhost:8080/" "Mozilla/5.0 (X11; Linux x86_64) AppleWebKit/537.36 (KHTML, like Gecko) Chrome/79.0.3945.130 Safari/537.36"
::1 - - [29/Jan/2020:20:12:53 +0000] "GET / HTTP/1.1" 304 - "http://localhost:8080/" "Mozilla/5.0 (X11; Linux x86_64) AppleWebKit/537.36 (KHTML, like Gecko) Chrome/79.0.3945.130 Safari/537.36"
::1 - - [29/Jan/2020:20:12:54 +0000] "GET /wiki/ HTTP/1.1" 302 46 "http://localhost:8080/" "Mozilla/5.0 (X11; Linux x86_64) AppleWebKit/537.36 (KHTML, like Gecko) Chrome/79.0.3945.130 Safari/537.36"
::1 - - [29/Jan/2020:20:12:54 +0000] "GET / HTTP/1.1" 304 - "http://localhost:8080/" "Mozilla/5.0 (X11; Linux x86_64) AppleWebKit/537.36 (KHTML, like Gecko) Chrome/79.0.3945.130 Safari/537.36"
::1 - - [29/Jan/2020:20:29:18 +0000] "GET / HTTP/1.1" 304 - "-" "Mozilla/5.0 (X11; Linux x86_64) AppleWebKit/537.36 (KHTML, like Gecko) Chrome/79.0.3945.130 Safari/537.36"
::1 - - [29/Jan/2020:20:58:11 +0000] "GET /wiki/Esto_es_un_titulo_largo_con_espacio HTTP/1.1" 304 - "http://localhost:8080/" "Mozilla/5.0 (X11; Linux x86_64) AppleWebKit/537.36 (KHTML, like Gecko) Chrome/79.0.3945.130 Safari/537.36"
::1 - - [29/Jan/2020:21:27:31 +0000] "GET /wiki HTTP/1.1" 200 1705 "-" "Mozilla/5.0 (X11; Linux x86_64) AppleWebKit/537.36 (KHTML, like Gecko) Chrome/79.0.3945.130 Safari/537.36"
::1 - - [29/Jan/2020:21:27:31 +0000] "GET /favicon.ico HTTP/1.1" 404 150 "http://localhost:8080/wiki" "Mozilla/5.0 (X11; Linux x86_64) AppleWebKit/537.36 (KHTML, like Gecko) Chrome/79.0.3945.130 Safari/537.36"
::1 - - [29/Jan/2020:21:27:33 +0000] "GET /wiki/ HTTP/1.1" 200 1705 "http://localhost:8080/wiki" "Mozilla/5.0 (X11; Linux x86_64) AppleWebKit/537.36 (KHTML, like Gecko) Chrome/79.0.3945.130 Safari/537.36"
::1 - - [29/Jan/2020:21:27:34 +0000] "GET / HTTP/1.1" 404 139 "http://localhost:8080/wiki/" "Mozilla/5.0 (X11; Linux x86_64) AppleWebKit/537.36 (KHTML, like Gecko) Chrome/79.0.3945.130 Safari/537.36"
::1 - - [29/Jan/2020:21:28:11 +0000] "GET / HTTP/1.1" 200 1705 "-" "Mozilla/5.0 (X11; Linux x86_64) AppleWebKit/537.36 (KHTML, like Gecko) Chrome/79.0.3945.130 Safari/537.36"
::1 - - [29/Jan/2020:21:28:13 +0000] "GET /wiki/Esto_es_un_titulo_largo_con_espacio HTTP/1.1" 304 - "http://localhost:8080/" "Mozilla/5.0 (X11; Linux x86_64) AppleWebKit/537.36 (KHTML, like Gecko) Chrome/79.0.3945.130 Safari/537.36"
::1 - - [29/Jan/2020:21:28:14 +0000] "GET /wiki/ HTTP/1.1" 304 - "http://localhost:8080/wiki/Esto_es_un_titulo_largo_con_espacio" "Mozilla/5.0 (X11; Linux x86_64) AppleWebKit/537.36 (KHTML, like Gecko) Chrome/79.0.3945.130 Safari/537.36"
::1 - - [29/Jan/2020:21:28:17 +0000] "GET / HTTP/1.1" 304 - "http://localhost:8080/wiki/" "Mozilla/5.0 (X11; Linux x86_64) AppleWebKit/537.36 (KHTML, like Gecko) Chrome/79.0.3945.130 Safari/537.36"
::1 - - [29/Jan/2020:21:28:19 +0000] "GET /wiki/ HTTP/1.1" 304 - "http://localhost:8080/" "Mozilla/5.0 (X11; Linux x86_64) AppleWebKit/537.36 (KHTML, like Gecko) Chrome/79.0.3945.130 Safari/537.36"
::1 - - [29/Jan/2020:21:28:19 +0000] "GET /wiki/add HTTP/1.1" 304 - "http://localhost:8080/wiki/" "Mozilla/5.0 (X11; Linux x86_64) AppleWebKit/537.36 (KHTML, like Gecko) Chrome/79.0.3945.130 Safari/537.36"
::1 - - [29/Jan/2020:21:34:35 +0000] "GET /wiki/add HTTP/1.1" 200 3023 "http://localhost:8080/wiki/" "Mozilla/5.0 (X11; Linux x86_64) AppleWebKit/537.36 (KHTML, like Gecko) Chrome/79.0.3945.130 Safari/537.36"
